<?xml version="1.0" encoding="UTF-8"?>
<testng-results skipped="0" failed="0" ignored="0" total="2" passed="2">
  <reporter-output>
  </reporter-output>
  <suite name="MasterSuite" duration-ms="32322" started-at="2022-04-10T07:35:58 IST" finished-at="2022-04-10T07:36:30 IST">
    <groups>
    </groups>
    <test name="Alltest" duration-ms="32322" started-at="2022-04-10T07:35:58 IST" finished-at="2022-04-10T07:36:30 IST">
      <class name="com.mystore.testcases.IndexPageTest">
        <test-method status="PASS" signature="loadConfigFile()[pri:0, instance:com.mystore.testcases.IndexPageTest@51b279c9]" name="loadConfigFile" is-config="true" duration-ms="794" started-at="2022-04-10T07:35:57 IST" finished-at="2022-04-10T07:35:58 IST">
          <reporter-output>
          </reporter-output>
        </test-method> <!-- loadConfigFile -->
        <test-method status="PASS" signature="launchApp()[pri:0, instance:com.mystore.testcases.IndexPageTest@51b279c9]" name="launchApp" is-config="true" duration-ms="21578" started-at="2022-04-10T07:35:58 IST" finished-at="2022-04-10T07:36:19 IST">
          <reporter-output>
          </reporter-output>
        </test-method> <!-- launchApp -->
        <test-method status="PASS" signature="verifyLogo()[pri:0, instance:com.mystore.testcases.IndexPageTest@51b279c9]" name="verifyLogo" duration-ms="234" started-at="2022-04-10T07:36:19 IST" finished-at="2022-04-10T07:36:19 IST">
          <reporter-output>
          </reporter-output>
        </test-method> <!-- verifyLogo -->
        <test-method status="PASS" signature="tearDown()[pri:0, instance:com.mystore.testcases.IndexPageTest@51b279c9]" name="tearDown" is-config="true" duration-ms="956" started-at="2022-04-10T07:36:19 IST" finished-at="2022-04-10T07:36:20 IST">
          <reporter-output>
          </reporter-output>
        </test-method> <!-- tearDown -->
        <test-method status="PASS" signature="launchApp()[pri:0, instance:com.mystore.testcases.IndexPageTest@51b279c9]" name="launchApp" is-config="true" duration-ms="8600" started-at="2022-04-10T07:36:20 IST" finished-at="2022-04-10T07:36:29 IST">
          <reporter-output>
          </reporter-output>
        </test-method> <!-- launchApp -->
        <test-method status="PASS" signature="verifyTitle()[pri:0, instance:com.mystore.testcases.IndexPageTest@51b279c9]" name="verifyTitle" duration-ms="12" started-at="2022-04-10T07:36:29 IST" finished-at="2022-04-10T07:36:29 IST">
          <reporter-output>
          </reporter-output>
        </test-method> <!-- verifyTitle -->
        <test-method status="PASS" signature="tearDown()[pri:0, instance:com.mystore.testcases.IndexPageTest@51b279c9]" name="tearDown" is-config="true" duration-ms="862" started-at="2022-04-10T07:36:29 IST" finished-at="2022-04-10T07:36:30 IST">
          <reporter-output>
          </reporter-output>
        </test-method> <!-- tearDown -->
        <test-method status="PASS" signature="endExtentreport()[pri:0, instance:com.mystore.testcases.IndexPageTest@51b279c9]" name="endExtentreport" is-config="true" duration-ms="959" started-at="2022-04-10T07:36:30 IST" finished-at="2022-04-10T07:36:31 IST">
          <reporter-output>
          </reporter-output>
        </test-method> <!-- endExtentreport -->
      </class> <!-- com.mystore.testcases.IndexPageTest -->
    </test> <!-- Alltest -->
  </suite> <!-- MasterSuite -->
</testng-results>
