<?xml version="1.0" encoding="UTF-8"?>
<testng-results ignored="0" total="3" passed="2" failed="1" skipped="0">
  <reporter-output>
  </reporter-output>
  <suite started-at="2022-04-07T19:48:27 IST" name="MasterSuite" finished-at="2022-04-07T19:50:40 IST" duration-ms="132778">
    <groups>
    </groups>
    <test started-at="2022-04-07T19:48:27 IST" name="Alltest" finished-at="2022-04-07T19:50:40 IST" duration-ms="132778">
      <class name="com.mystore.testcases.IndexPageTest">
        <test-method is-config="true" signature="loadConfigFile()[pri:0, instance:com.mystore.testcases.IndexPageTest@6f4a47c7]" started-at="2022-04-07T19:48:26 IST" name="loadConfigFile" finished-at="2022-04-07T19:48:27 IST" duration-ms="879" status="PASS">
          <reporter-output>
          </reporter-output>
        </test-method> <!-- loadConfigFile -->
        <test-method is-config="true" signature="launchApp()[pri:0, instance:com.mystore.testcases.IndexPageTest@6f4a47c7]" started-at="2022-04-07T19:48:27 IST" name="launchApp" finished-at="2022-04-07T19:48:48 IST" duration-ms="21170" status="PASS">
          <reporter-output>
          </reporter-output>
        </test-method> <!-- launchApp -->
        <test-method signature="verifyLogo()[pri:0, instance:com.mystore.testcases.IndexPageTest@6f4a47c7]" started-at="2022-04-07T19:48:48 IST" name="verifyLogo" finished-at="2022-04-07T19:48:48 IST" duration-ms="223" status="PASS">
          <reporter-output>
          </reporter-output>
        </test-method> <!-- verifyLogo -->
        <test-method is-config="true" signature="tearDown()[pri:0, instance:com.mystore.testcases.IndexPageTest@6f4a47c7]" started-at="2022-04-07T19:48:48 IST" name="tearDown" finished-at="2022-04-07T19:48:50 IST" duration-ms="1954" status="PASS">
          <reporter-output>
          </reporter-output>
        </test-method> <!-- tearDown -->
        <test-method is-config="true" signature="launchApp()[pri:0, instance:com.mystore.testcases.IndexPageTest@6f4a47c7]" started-at="2022-04-07T19:48:50 IST" name="launchApp" finished-at="2022-04-07T19:49:00 IST" duration-ms="9855" status="PASS">
          <reporter-output>
          </reporter-output>
        </test-method> <!-- launchApp -->
        <test-method signature="verifySignIn()[pri:0, instance:com.mystore.testcases.IndexPageTest@6f4a47c7]" started-at="2022-04-07T19:49:00 IST" name="verifySignIn" finished-at="2022-04-07T19:49:00 IST" duration-ms="56" status="FAIL">
          <exception class="java.lang.NullPointerException">
            <message>
              <![CDATA[Cannot invoke "org.openqa.selenium.SearchContext.findElement(org.openqa.selenium.By)" because "this.searchContext" is null]]>
            </message>
            <full-stacktrace>
              <![CDATA[java.lang.NullPointerException: Cannot invoke "org.openqa.selenium.SearchContext.findElement(org.openqa.selenium.By)" because "this.searchContext" is null
at org.openqa.selenium.support.pagefactory.DefaultElementLocator.findElement(DefaultElementLocator.java:70)
at org.openqa.selenium.support.pagefactory.internal.LocatingElementHandler.invoke(LocatingElementHandler.java:39)
at jdk.proxy2/jdk.proxy2.$Proxy13.click(Unknown Source)
at com.mystore.pages.IndexPage.clickOnSignInButton(IndexPage.java:34)
at com.mystore.testcases.IndexPageTest.verifySignIn(IndexPageTest.java:50)
at java.base/jdk.internal.reflect.NativeMethodAccessorImpl.invoke0(Native Method)
at java.base/jdk.internal.reflect.NativeMethodAccessorImpl.invoke(NativeMethodAccessorImpl.java:77)
at java.base/jdk.internal.reflect.DelegatingMethodAccessorImpl.invoke(DelegatingMethodAccessorImpl.java:43)
at java.base/java.lang.reflect.Method.invoke(Method.java:568)
at org.testng.internal.invokers.MethodInvocationHelper.invokeMethod(MethodInvocationHelper.java:135)
at org.testng.internal.invokers.TestInvoker.invokeMethod(TestInvoker.java:673)
at org.testng.internal.invokers.TestInvoker.invokeTestMethod(TestInvoker.java:220)
at org.testng.internal.invokers.MethodRunner.runInSequence(MethodRunner.java:50)
at org.testng.internal.invokers.TestInvoker$MethodInvocationAgent.invoke(TestInvoker.java:945)
at org.testng.internal.invokers.TestInvoker.invokeTestMethods(TestInvoker.java:193)
at org.testng.internal.invokers.TestMethodWorker.invokeTestMethods(TestMethodWorker.java:146)
at org.testng.internal.invokers.TestMethodWorker.run(TestMethodWorker.java:128)
at java.base/java.util.ArrayList.forEach(ArrayList.java:1511)
at org.testng.TestRunner.privateRun(TestRunner.java:808)
at org.testng.TestRunner.run(TestRunner.java:603)
at org.testng.SuiteRunner.runTest(SuiteRunner.java:429)
at org.testng.SuiteRunner.runSequentially(SuiteRunner.java:423)
at org.testng.SuiteRunner.privateRun(SuiteRunner.java:383)
at org.testng.SuiteRunner.run(SuiteRunner.java:326)
at org.testng.SuiteRunnerWorker.runSuite(SuiteRunnerWorker.java:52)
at org.testng.SuiteRunnerWorker.run(SuiteRunnerWorker.java:95)
at org.testng.TestNG.runSuitesSequentially(TestNG.java:1249)
at org.testng.TestNG.runSuitesLocally(TestNG.java:1169)
at org.testng.TestNG.runSuites(TestNG.java:1092)
at org.testng.TestNG.run(TestNG.java:1060)
at org.testng.remote.AbstractRemoteTestNG.run(AbstractRemoteTestNG.java:115)
at org.testng.remote.RemoteTestNG.initAndRun(RemoteTestNG.java:251)
at org.testng.remote.RemoteTestNG.main(RemoteTestNG.java:77)
]]>
            </full-stacktrace>
          </exception> <!-- java.lang.NullPointerException -->
          <reporter-output>
          </reporter-output>
        </test-method> <!-- verifySignIn -->
        <test-method is-config="true" signature="tearDown()[pri:0, instance:com.mystore.testcases.IndexPageTest@6f4a47c7]" started-at="2022-04-07T19:49:01 IST" name="tearDown" finished-at="2022-04-07T19:49:02 IST" duration-ms="618" status="PASS">
          <reporter-output>
          </reporter-output>
        </test-method> <!-- tearDown -->
        <test-method is-config="true" signature="launchApp()[pri:0, instance:com.mystore.testcases.IndexPageTest@6f4a47c7]" started-at="2022-04-07T19:49:02 IST" name="launchApp" finished-at="2022-04-07T19:50:39 IST" duration-ms="96894" status="PASS">
          <reporter-output>
          </reporter-output>
        </test-method> <!-- launchApp -->
        <test-method signature="verifyTitle()[pri:0, instance:com.mystore.testcases.IndexPageTest@6f4a47c7]" started-at="2022-04-07T19:50:39 IST" name="verifyTitle" finished-at="2022-04-07T19:50:39 IST" duration-ms="35" status="PASS">
          <reporter-output>
          </reporter-output>
        </test-method> <!-- verifyTitle -->
        <test-method is-config="true" signature="tearDown()[pri:0, instance:com.mystore.testcases.IndexPageTest@6f4a47c7]" started-at="2022-04-07T19:50:39 IST" name="tearDown" finished-at="2022-04-07T19:50:40 IST" duration-ms="973" status="PASS">
          <reporter-output>
          </reporter-output>
        </test-method> <!-- tearDown -->
        <test-method is-config="true" signature="endExtentreport()[pri:0, instance:com.mystore.testcases.IndexPageTest@6f4a47c7]" started-at="2022-04-07T19:50:40 IST" name="endExtentreport" finished-at="2022-04-07T19:50:41 IST" duration-ms="940" status="PASS">
          <reporter-output>
          </reporter-output>
        </test-method> <!-- endExtentreport -->
      </class> <!-- com.mystore.testcases.IndexPageTest -->
    </test> <!-- Alltest -->
  </suite> <!-- MasterSuite -->
</testng-results>
