<?xml version="1.0" encoding="UTF-8"?>
<!-- Generated by org.testng.reporters.JUnitXMLReporter -->
<testsuite ignored="0" hostname="DESKTOP-HHFQU8G" failures="1" tests="3" name="Alltest" time="132.778" errors="0" timestamp="2022-04-07T19:50:40 IST">
  <testcase classname="com.mystore.testcases.IndexPageTest" name="verifyLogo" time="0.223"/>
  <testcase classname="com.mystore.testcases.IndexPageTest" name="verifySignIn" time="0.056">
    <failure type="java.lang.NullPointerException" message="Cannot invoke &amp;quot;org.openqa.selenium.SearchContext.findElement(org.openqa.selenium.By)&amp;quot; because &amp;quot;this.searchContext&amp;quot; is null">
      <![CDATA[java.lang.NullPointerException: Cannot invoke "org.openqa.selenium.SearchContext.findElement(org.openqa.selenium.By)" because "this.searchContext" is null
at org.openqa.selenium.support.pagefactory.DefaultElementLocator.findElement(DefaultElementLocator.java:70)
at org.openqa.selenium.support.pagefactory.internal.LocatingElementHandler.invoke(LocatingElementHandler.java:39)
at jdk.proxy2/jdk.proxy2.$Proxy13.click(Unknown Source)
at com.mystore.pages.IndexPage.clickOnSignInButton(IndexPage.java:34)
at com.mystore.testcases.IndexPageTest.verifySignIn(IndexPageTest.java:50)
at java.base/java.util.ArrayList.forEach(ArrayList.java:1511)
... Removed 27 stack frames]]>
    </failure>
  </testcase> <!-- verifySignIn -->
  <testcase classname="com.mystore.testcases.IndexPageTest" name="verifyTitle" time="0.035"/>
</testsuite> <!-- Alltest -->
